<?xml version="1.0" encoding="UTF-8"?>
<!-- Generated by org.testng.reporters.JUnitReportReporter -->
<testsuite skipped="0" hostname="Gilberts-MacBook-Pro.local" name="com.qa.company.testNG.InvocationCountDemo" tests="12" failures="0" timestamp="2022-05-15T08:08:11 PDT" time="47.775" errors="0">
  <testcase name="orangeHRMLogoTest" time="3.701" classname="com.qa.company.testNG.InvocationCountDemo"/>
  <system-out/>
  <testcase name="loginTextTest" time="3.729" classname="com.qa.company.testNG.InvocationCountDemo"/>
  <system-out/>
  <testcase name="orangeHRMLogoTest" time="3.858" classname="com.qa.company.testNG.InvocationCountDemo"/>
  <system-out/>
  <testcase name="orangeHRMLogoTest" time="3.661" classname="com.qa.company.testNG.InvocationCountDemo"/>
  <system-out/>
  <testcase name="orangeHRMLogoTest" time="4.010" classname="com.qa.company.testNG.InvocationCountDemo"/>
  <system-out/>
  <testcase name="orangeHRMLogoTest" time="4.184" classname="com.qa.company.testNG.InvocationCountDemo"/>
  <system-out/>
  <testcase name="orangeHRMTitleTest" time="4.006" classname="com.qa.company.testNG.InvocationCountDemo"/>
  <system-out/>
  <testcase name="orangeHRMLogoTest" time="3.889" classname="com.qa.company.testNG.InvocationCountDemo"/>
  <system-out/>
  <testcase name="orangeHRMLogoTest" time="3.757" classname="com.qa.company.testNG.InvocationCountDemo"/>
  <system-out/>
  <testcase name="orangeHRMLogoTest" time="4.527" classname="com.qa.company.testNG.InvocationCountDemo"/>
  <system-out/>
  <testcase name="orangeHRMLogoTest" time="4.109" classname="com.qa.company.testNG.InvocationCountDemo"/>
  <system-out/>
  <testcase name="orangeHRMLogoTest" time="4.344" classname="com.qa.company.testNG.InvocationCountDemo"/>
  <system-out/>
</testsuite> <!-- com.qa.company.testNG.InvocationCountDemo -->
