<?xml version="1.0" encoding="UTF-8"?>
<!-- Generated by org.testng.reporters.JUnitReportReporter -->
<testsuite skipped="0" hostname="Gilberts-MacBook-Pro.local" name="com.qa.company.tests.AmazonTest" tests="1" failures="0" timestamp="2022-05-23T17:25:31 PDT" time="0.318" errors="0">
  <testcase name="amazonTitleTest" time="0.318" classname="com.qa.company.tests.AmazonTest"/>
  <system-out/>
</testsuite> <!-- com.qa.company.tests.AmazonTest -->
