<?xml version="1.0" encoding="UTF-8"?>
<!-- Generated by org.testng.reporters.JUnitReportReporter -->
<testsuite skipped="2" hostname="Gilberts-MacBook-Pro.local" name="com.qa.company.testNG.PriorityTest" tests="6" failures="0" timestamp="2022-05-15T07:39:23 PDT" time="0.013" errors="0">
  <testcase name="cTest" time="0.008" classname="com.qa.company.testNG.PriorityTest"/>
  <system-out/>
  <testcase name="dTest" time="0.003" classname="com.qa.company.testNG.PriorityTest"/>
  <system-out/>
  <testcase name="fTest" time="0.001" classname="com.qa.company.testNG.PriorityTest"/>
  <system-out/>
  <testcase name="eTest" time="0.001" classname="com.qa.company.testNG.PriorityTest"/>
  <system-out/>
  <testcase name="bTest" classname="com.qa.company.testNG.PriorityTest">
    <skipped/>
  </testcase> <!-- bTest -->
  <system-out/>
  <testcase name="aTest" classname="com.qa.company.testNG.PriorityTest">
    <skipped/>
  </testcase> <!-- aTest -->
  <system-out/>
</testsuite> <!-- com.qa.company.testNG.PriorityTest -->
