<?xml version="1.0" encoding="UTF-8"?>
<!-- Generated by org.testng.reporters.JUnitReportReporter -->
<testsuite skipped="0" hostname="Gilberts-MacBook-Pro.local" name="com.qa.company.cloud.SauceDemoTest" tests="2" failures="0" timestamp="2022-05-29T06:45:14 PDT" time="28.706" errors="0">
  <testcase name="veriyLogin" time="15.588" classname="com.qa.company.cloud.SauceDemoTest"/>
  <system-out/>
  <testcase name="veriyLogin" time="13.118" classname="com.qa.company.cloud.SauceDemoTest"/>
  <system-out/>
</testsuite> <!-- com.qa.company.cloud.SauceDemoTest -->
