<?xml version="1.0" encoding="UTF-8"?>
<!-- Generated by org.testng.reporters.JUnitReportReporter -->
<testsuite skipped="0" hostname="Gilberts-MacBook-Pro.local" name="com.qa.company.testNG.OrangeHRMTest" tests="3" failures="0" timestamp="2022-05-15T08:01:56 PDT" time="12.625" errors="0">
  <testcase name="orangeHRMTitleTest" time="4.659" classname="com.qa.company.testNG.OrangeHRMTest"/>
  <system-out/>
  <testcase name="orangeHRMLogoTest" time="4.038" classname="com.qa.company.testNG.OrangeHRMTest"/>
  <system-out/>
  <testcase name="loginTextTest" time="3.928" classname="com.qa.company.testNG.OrangeHRMTest"/>
  <system-out/>
</testsuite> <!-- com.qa.company.testNG.OrangeHRMTest -->
