<?xml version="1.0" encoding="UTF-8"?>
<!-- Generated by org.testng.reporters.JUnitReportReporter -->
<testsuite skipped="0" hostname="Gilberts-MacBook-Pro.local" name="com.qa.company.testNG.SoftAssertDemo" tests="2" failures="0" timestamp="2022-05-21T06:50:28 PDT" time="7.701" errors="0">
  <testcase name="orangeHRMTitleTest" time="3.555" classname="com.qa.company.testNG.SoftAssertDemo"/>
  <system-out/>
  <testcase name="orangeHRMLogoTest" time="4.146" classname="com.qa.company.testNG.SoftAssertDemo"/>
  <system-out/>
</testsuite> <!-- com.qa.company.testNG.SoftAssertDemo -->
