<?xml version="1.0" encoding="UTF-8"?>
<!-- Generated by org.testng.reporters.JUnitReportReporter -->
<testsuite skipped="0" hostname="Gilberts-MacBook-Pro.local" name="com.qa.company.testNG.TestNGFeatures" tests="3" failures="0" timestamp="2022-05-15T07:43:07 PDT" time="0.009" errors="0">
  <testcase name="myThirdTestCase" time="0.001" classname="com.qa.company.testNG.TestNGFeatures"/>
  <system-out/>
  <testcase name="aUserDataTest" time="0.007" classname="com.qa.company.testNG.TestNGFeatures"/>
  <system-out/>
  <testcase name="userProfileTest" time="0.001" classname="com.qa.company.testNG.TestNGFeatures"/>
  <system-out/>
</testsuite> <!-- com.qa.company.testNG.TestNGFeatures -->
