<?xml version="1.0" encoding="UTF-8"?>
<!-- Generated by org.testng.reporters.JUnitReportReporter -->
<testsuite hostname="Gilberts-MacBook-Pro.local" failures="0" tests="1" name="com.qa.company.tests.AmazonTest" time="0.087" errors="0" timestamp="2022-05-28T08:17:59 PDT" skipped="0">
  <testcase classname="com.qa.company.tests.AmazonTest" name="amazonTitleTest" time="0.087"/>
  <system-out/>
</testsuite> <!-- com.qa.company.tests.AmazonTest -->
