<?xml version="1.0" encoding="UTF-8"?>
<!-- Generated by org.testng.reporters.JUnitReportReporter -->
<testsuite hostname="Gilberts-MacBook-Pro.local" failures="0" tests="1" name="com.qa.company.tests.AmazonTest" time="0.129" errors="0" timestamp="2022-05-23T17:36:06 PDT" skipped="0">
  <testcase classname="com.qa.company.tests.AmazonTest" name="amazonTitleTest" time="0.129"/>
  <system-out/>
</testsuite> <!-- com.qa.company.tests.AmazonTest -->
