<?xml version="1.0" encoding="UTF-8"?>
<!-- Generated by org.testng.reporters.JUnitReportReporter -->
<testsuite hostname="Gilberts-MacBook-Pro.local" failures="0" tests="1" name="com.qa.company.tests.EbayTest" time="0.108" errors="0" timestamp="2022-05-28T08:17:59 PDT" skipped="0">
  <testcase classname="com.qa.company.tests.EbayTest" name="eBayTitleTest" time="0.108"/>
  <system-out/>
</testsuite> <!-- com.qa.company.tests.EbayTest -->
